app/build/intermediates/manifest_merge_blame_file/debug/processDebugMainManifest/manifest-merger-blame-debug-report.txt
1<?xml version="1.0" encoding="utf-8"?>
2<manifest xmlns:android="http://schemas.android.com/apk/res/android"
3    package="com.habittracker"
4    android:versionCode="1"
5    android:versionName="1.0" >
6
7    <uses-sdk
8        android:minSdkVersion="26"
9        android:targetSdkVersion="35" />
10
11    <uses-permission android:name="android.permission.POST_NOTIFICATIONS" />
11-->src\main\AndroidManifest.xml:5:5-76
11-->src\main\AndroidManifest.xml:5:22-74
12    <uses-permission android:name="android.permission.SCHEDULE_EXACT_ALARM" />
12-->src\main\AndroidManifest.xml:6:5-78
12-->src\main\AndroidManifest.xml:6:22-76
13    <uses-permission android:name="android.permission.RECEIVE_BOOT_COMPLETED" />
13-->src\main\AndroidManifest.xml:7:5-80
13-->src\main\AndroidManifest.xml:7:22-78
14    <uses-permission android:name="android.permission.WAKE_LOCK" />
14-->[androidx.work:work-runtime:2.9.1] AndroidManifest.xml:23:5-68
14-->[androidx.work:work-runtime:2.9.1] AndroidManifest.xml:23:22-65
15    <uses-permission android:name="android.permission.ACCESS_NETWORK_STATE" />
15-->[androidx.work:work-runtime:2.9.1] AndroidManifest.xml:24:5-79
15-->[androidx.work:work-runtime:2.9.1] AndroidManifest.xml:24:22-76
16    <uses-permission android:name="android.permission.FOREGROUND_SERVICE" />
16-->[androidx.work:work-runtime:2.9.1] AndroidManifest.xml:26:5-77
16-->[androidx.work:work-runtime:2.9.1] AndroidManifest.xml:26:22-74
17
18    <permission
18-->[androidx.core:core:1.13.1] AndroidManifest.xml:22:5-24:47
19        android:name="com.habittracker.DYNAMIC_RECEIVER_NOT_EXPORTED_PERMISSION"
19-->[androidx.core:core:1.13.1] AndroidManifest.xml:23:9-81
20        android:protectionLevel="signature" />
20-->[androidx.core:core:1.13.1] AndroidManifest.xml:24:9-44
21
22    <uses-permission android:name="com.habittracker.DYNAMIC_RECEIVER_NOT_EXPORTED_PERMISSION" />
22-->[androidx.core:core:1.13.1] AndroidManifest.xml:26:5-97
22-->[androidx.core:core:1.13.1] AndroidManifest.xml:26:22-94
23
24    <application
24-->src\main\AndroidManifest.xml:9:5-51:19
25        android:name="com.habittracker.HabitTrackerApp"
25-->src\main\AndroidManifest.xml:10:9-40
26        android:allowBackup="true"
26-->src\main\AndroidManifest.xml:11:9-35
27        android:appComponentFactory="androidx.core.app.CoreComponentFactory"
27-->[androidx.core:core:1.13.1] AndroidManifest.xml:28:18-86
28        android:debuggable="true"
29        android:extractNativeLibs="false"
30        android:icon="@mipmap/ic_launcher"
30-->src\main\AndroidManifest.xml:12:9-43
31        android:label="@string/app_name"
31-->src\main\AndroidManifest.xml:13:9-41
32        android:roundIcon="@mipmap/ic_launcher_round"
32-->src\main\AndroidManifest.xml:14:9-54
33        android:supportsRtl="true"
33-->src\main\AndroidManifest.xml:15:9-35
34        android:testOnly="true"
35        android:theme="@style/Theme.HabitTracker" >
35-->src\main\AndroidManifest.xml:16:9-50
36        <activity
36-->src\main\AndroidManifest.xml:18:9-26:20
37            android:name="com.habittracker.MainActivity"
37-->src\main\AndroidManifest.xml:19:13-41
38            android:exported="true"
38-->src\main\AndroidManifest.xml:20:13-36
39            android:theme="@style/Theme.HabitTracker" >
39-->src\main\AndroidManifest.xml:21:13-54
40            <intent-filter>
40-->src\main\AndroidManifest.xml:22:13-25:29
41                <action android:name="android.intent.action.MAIN" />
41-->src\main\AndroidManifest.xml:23:17-69
41-->src\main\AndroidManifest.xml:23:25-66
42
43                <category android:name="android.intent.category.LAUNCHER" />
43-->src\main\AndroidManifest.xml:24:17-77
43-->src\main\AndroidManifest.xml:24:27-74
44            </intent-filter>
45        </activity>
46
47        <receiver
47-->src\main\AndroidManifest.xml:28:9-30:39
48            android:name="com.habittracker.worker.NotificationReceiver"
48-->src\main\AndroidManifest.xml:29:13-56
49            android:exported="false" />
49-->src\main\AndroidManifest.xml:30:13-37
50        <receiver
50-->src\main\AndroidManifest.xml:32:9-38:20
51            android:name="com.habittracker.worker.BootReceiver"
51-->src\main\AndroidManifest.xml:33:13-48
52            android:exported="true" >
52-->src\main\AndroidManifest.xml:34:13-36
53            <intent-filter>
53-->src\main\AndroidManifest.xml:35:13-37:29
54                <action android:name="android.intent.action.BOOT_COMPLETED" />
54-->src\main\AndroidManifest.xml:36:17-78
54-->src\main\AndroidManifest.xml:36:25-76
55            </intent-filter>
56        </receiver>
57
58        <provider
59            android:name="androidx.startup.InitializationProvider"
59-->src\main\AndroidManifest.xml:41:13-67
60            android:authorities="com.habittracker.androidx-startup"
60-->src\main\AndroidManifest.xml:42:13-68
61            android:exported="false" >
61-->src\main\AndroidManifest.xml:43:13-37
62            <meta-data
62-->[androidx.emoji2:emoji2:1.3.0] AndroidManifest.xml:29:13-31:52
63                android:name="androidx.emoji2.text.EmojiCompatInitializer"
63-->[androidx.emoji2:emoji2:1.3.0] AndroidManifest.xml:30:17-75
64                android:value="androidx.startup" />
64-->[androidx.emoji2:emoji2:1.3.0] AndroidManifest.xml:31:17-49
65            <meta-data
65-->[androidx.lifecycle:lifecycle-process:2.8.6] AndroidManifest.xml:29:13-31:52
66                android:name="androidx.lifecycle.ProcessLifecycleInitializer"
66-->[androidx.lifecycle:lifecycle-process:2.8.6] AndroidManifest.xml:30:17-78
67                android:value="androidx.startup" />
67-->[androidx.lifecycle:lifecycle-process:2.8.6] AndroidManifest.xml:31:17-49
68            <meta-data
68-->[androidx.profileinstaller:profileinstaller:1.3.1] AndroidManifest.xml:29:13-31:52
69                android:name="androidx.profileinstaller.ProfileInstallerInitializer"
69-->[androidx.profileinstaller:profileinstaller:1.3.1] AndroidManifest.xml:30:17-85
70                android:value="androidx.startup" />
70-->[androidx.profileinstaller:profileinstaller:1.3.1] AndroidManifest.xml:31:17-49
71        </provider>
72
73        <service
73-->[androidx.work:work-runtime:2.9.1] AndroidManifest.xml:39:9-45:35
74            android:name="androidx.work.impl.background.systemalarm.SystemAlarmService"
74-->[androidx.work:work-runtime:2.9.1] AndroidManifest.xml:40:13-88
75            android:directBootAware="false"
75-->[androidx.work:work-runtime:2.9.1] AndroidManifest.xml:41:13-44
76            android:enabled="@bool/enable_system_alarm_service_default"
76-->[androidx.work:work-runtime:2.9.1] AndroidManifest.xml:42:13-72
77            android:exported="false" />
77-->[androidx.work:work-runtime:2.9.1] AndroidManifest.xml:43:13-37
78        <service
78-->[androidx.work:work-runtime:2.9.1] AndroidManifest.xml:46:9-52:35
79            android:name="androidx.work.impl.background.systemjob.SystemJobService"
79-->[androidx.work:work-runtime:2.9.1] AndroidManifest.xml:47:13-84
80            android:directBootAware="false"
80-->[androidx.work:work-runtime:2.9.1] AndroidManifest.xml:48:13-44
81            android:enabled="@bool/enable_system_job_service_default"
81-->[androidx.work:work-runtime:2.9.1] AndroidManifest.xml:49:13-70
82            android:exported="true"
82-->[androidx.work:work-runtime:2.9.1] AndroidManifest.xml:50:13-36
83            android:permission="android.permission.BIND_JOB_SERVICE" />
83-->[androidx.work:work-runtime:2.9.1] AndroidManifest.xml:51:13-69
84        <service
84-->[androidx.work:work-runtime:2.9.1] AndroidManifest.xml:53:9-59:35
85            android:name="androidx.work.impl.foreground.SystemForegroundService"
85-->[androidx.work:work-runtime:2.9.1] AndroidManifest.xml:54:13-81
86            android:directBootAware="false"
86-->[androidx.work:work-runtime:2.9.1] AndroidManifest.xml:55:13-44
87            android:enabled="@bool/enable_system_foreground_service_default"
87-->[androidx.work:work-runtime:2.9.1] AndroidManifest.xml:56:13-77
88            android:exported="false" />
88-->[androidx.work:work-runtime:2.9.1] AndroidManifest.xml:57:13-37
89
90        <receiver
90-->[androidx.work:work-runtime:2.9.1] AndroidManifest.xml:61:9-66:35
91            android:name="androidx.work.impl.utils.ForceStopRunnable$BroadcastReceiver"
91-->[androidx.work:work-runtime:2.9.1] AndroidManifest.xml:62:13-88
92            android:directBootAware="false"
92-->[androidx.work:work-runtime:2.9.1] AndroidManifest.xml:63:13-44
93            android:enabled="true"
93-->[androidx.work:work-runtime:2.9.1] AndroidManifest.xml:64:13-35
94            android:exported="false" />
94-->[androidx.work:work-runtime:2.9.1] AndroidManifest.xml:65:13-37
95        <receiver
95-->[androidx.work:work-runtime:2.9.1] AndroidManifest.xml:67:9-77:20
96            android:name="androidx.work.impl.background.systemalarm.ConstraintProxy$BatteryChargingProxy"
96-->[androidx.work:work-runtime:2.9.1] AndroidManifest.xml:68:13-106
97            android:directBootAware="false"
97-->[androidx.work:work-runtime:2.9.1] AndroidManifest.xml:69:13-44
98            android:enabled="false"
98-->[androidx.work:work-runtime:2.9.1] AndroidManifest.xml:70:13-36
99            android:exported="false" >
99-->[androidx.work:work-runtime:2.9.1] AndroidManifest.xml:71:13-37
100            <intent-filter>
100-->[androidx.work:work-runtime:2.9.1] AndroidManifest.xml:73:13-76:29
101                <action android:name="android.intent.action.ACTION_POWER_CONNECTED" />
101-->[androidx.work:work-runtime:2.9.1] AndroidManifest.xml:74:17-87
101-->[androidx.work:work-runtime:2.9.1] AndroidManifest.xml:74:25-84
102                <action android:name="android.intent.action.ACTION_POWER_DISCONNECTED" />
102-->[androidx.work:work-runtime:2.9.1] AndroidManifest.xml:75:17-90
102-->[androidx.work:work-runtime:2.9.1] AndroidManifest.xml:75:25-87
103            </intent-filter>
104        </receiver>
105        <receiver
105-->[androidx.work:work-runtime:2.9.1] AndroidManifest.xml:78:9-88:20
106            android:name="androidx.work.impl.background.systemalarm.ConstraintProxy$BatteryNotLowProxy"
106-->[androidx.work:work-runtime:2.9.1] AndroidManifest.xml:79:13-104
107            android:directBootAware="false"
107-->[androidx.work:work-runtime:2.9.1] AndroidManifest.xml:80:13-44
108            android:enabled="false"
108-->[androidx.work:work-runtime:2.9.1] AndroidManifest.xml:81:13-36
109            android:exported="false" >
109-->[androidx.work:work-runtime:2.9.1] AndroidManifest.xml:82:13-37
110            <intent-filter>
110-->[androidx.work:work-runtime:2.9.1] AndroidManifest.xml:84:13-87:29
111                <action android:name="android.intent.action.BATTERY_OKAY" />
111-->[androidx.work:work-runtime:2.9.1] AndroidManifest.xml:85:17-77
111-->[androidx.work:work-runtime:2.9.1] AndroidManifest.xml:85:25-74
112                <action android:name="android.intent.action.BATTERY_LOW" />
112-->[androidx.work:work-runtime:2.9.1] AndroidManifest.xml:86:17-76
112-->[androidx.work:work-runtime:2.9.1] AndroidManifest.xml:86:25-73
113            </intent-filter>
114        </receiver>
115        <receiver
115-->[androidx.work:work-runtime:2.9.1] AndroidManifest.xml:89:9-99:20
116            android:name="androidx.work.impl.background.systemalarm.ConstraintProxy$StorageNotLowProxy"
116-->[androidx.work:work-runtime:2.9.1] AndroidManifest.xml:90:13-104
117            android:directBootAware="false"
117-->[androidx.work:work-runtime:2.9.1] AndroidManifest.xml:91:13-44
118            android:enabled="false"
118-->[androidx.work:work-runtime:2.9.1] AndroidManifest.xml:92:13-36
119            android:exported="false" >
119-->[androidx.work:work-runtime:2.9.1] AndroidManifest.xml:93:13-37
120            <intent-filter>
120-->[androidx.work:work-runtime:2.9.1] AndroidManifest.xml:95:13-98:29
121                <action android:name="android.intent.action.DEVICE_STORAGE_LOW" />
121-->[androidx.work:work-runtime:2.9.1] AndroidManifest.xml:96:17-83
121-->[androidx.work:work-runtime:2.9.1] AndroidManifest.xml:96:25-80
122                <action android:name="android.intent.action.DEVICE_STORAGE_OK" />
122-->[androidx.work:work-runtime:2.9.1] AndroidManifest.xml:97:17-82
122-->[androidx.work:work-runtime:2.9.1] AndroidManifest.xml:97:25-79
123            </intent-filter>
124        </receiver>
125        <receiver
125-->[androidx.work:work-runtime:2.9.1] AndroidManifest.xml:100:9-109:20
126            android:name="androidx.work.impl.background.systemalarm.ConstraintProxy$NetworkStateProxy"
126-->[androidx.work:work-runtime:2.9.1] AndroidManifest.xml:101:13-103
127            android:directBootAware="false"
127-->[androidx.work:work-runtime:2.9.1] AndroidManifest.xml:102:13-44
128            android:enabled="false"
128-->[androidx.work:work-runtime:2.9.1] AndroidManifest.xml:103:13-36
129            android:exported="false" >
129-->[androidx.work:work-runtime:2.9.1] AndroidManifest.xml:104:13-37
130            <intent-filter>
130-->[androidx.work:work-runtime:2.9.1] AndroidManifest.xml:106:13-108:29
131                <action android:name="android.net.conn.CONNECTIVITY_CHANGE" />
131-->[androidx.work:work-runtime:2.9.1] AndroidManifest.xml:107:17-79
131-->[androidx.work:work-runtime:2.9.1] AndroidManifest.xml:107:25-76
132            </intent-filter>
133        </receiver>
134        <receiver
134-->[androidx.work:work-runtime:2.9.1] AndroidManifest.xml:110:9-121:20
135            android:name="androidx.work.impl.background.systemalarm.RescheduleReceiver"
135-->[androidx.work:work-runtime:2.9.1] AndroidManifest.xml:111:13-88
136            android:directBootAware="false"
136-->[androidx.work:work-runtime:2.9.1] AndroidManifest.xml:112:13-44
137            android:enabled="false"
137-->[androidx.work:work-runtime:2.9.1] AndroidManifest.xml:113:13-36
138            android:exported="false" >
138-->[androidx.work:work-runtime:2.9.1] AndroidManifest.xml:114:13-37
139            <intent-filter>
139-->[androidx.work:work-runtime:2.9.1] AndroidManifest.xml:116:13-120:29
140                <action android:name="android.intent.action.BOOT_COMPLETED" />
140-->src\main\AndroidManifest.xml:36:17-78
140-->src\main\AndroidManifest.xml:36:25-76
141                <action android:name="android.intent.action.TIME_SET" />
141-->[androidx.work:work-runtime:2.9.1] AndroidManifest.xml:118:17-73
141-->[androidx.work:work-runtime:2.9.1] AndroidManifest.xml:118:25-70
142                <action android:name="android.intent.action.TIMEZONE_CHANGED" />
142-->[androidx.work:work-runtime:2.9.1] AndroidManifest.xml:119:17-81
142-->[androidx.work:work-runtime:2.9.1] AndroidManifest.xml:119:25-78
143            </intent-filter>
144        </receiver>
145        <receiver
145-->[androidx.work:work-runtime:2.9.1] AndroidManifest.xml:122:9-131:20
146            android:name="androidx.work.impl.background.systemalarm.ConstraintProxyUpdateReceiver"
146-->[androidx.work:work-runtime:2.9.1] AndroidManifest.xml:123:13-99
147            android:directBootAware="false"
147-->[androidx.work:work-runtime:2.9.1] AndroidManifest.xml:124:13-44
148            android:enabled="@bool/enable_system_alarm_service_default"
148-->[androidx.work:work-runtime:2.9.1] AndroidManifest.xml:125:13-72
149            android:exported="false" >
149-->[androidx.work:work-runtime:2.9.1] AndroidManifest.xml:126:13-37
150            <intent-filter>
150-->[androidx.work:work-runtime:2.9.1] AndroidManifest.xml:128:13-130:29
151                <action android:name="androidx.work.impl.background.systemalarm.UpdateProxies" />
151-->[androidx.work:work-runtime:2.9.1] AndroidManifest.xml:129:17-98
151-->[androidx.work:work-runtime:2.9.1] AndroidManifest.xml:129:25-95
152            </intent-filter>
153        </receiver>
154        <receiver
154-->[androidx.work:work-runtime:2.9.1] AndroidManifest.xml:132:9-142:20
155            android:name="androidx.work.impl.diagnostics.DiagnosticsReceiver"
155-->[androidx.work:work-runtime:2.9.1] AndroidManifest.xml:133:13-78
156            android:directBootAware="false"
156-->[androidx.work:work-runtime:2.9.1] AndroidManifest.xml:134:13-44
157            android:enabled="true"
157-->[androidx.work:work-runtime:2.9.1] AndroidManifest.xml:135:13-35
158            android:exported="true"
158-->[androidx.work:work-runtime:2.9.1] AndroidManifest.xml:136:13-36
159            android:permission="android.permission.DUMP" >
159-->[androidx.work:work-runtime:2.9.1] AndroidManifest.xml:137:13-57
160            <intent-filter>
160-->[androidx.work:work-runtime:2.9.1] AndroidManifest.xml:139:13-141:29
161                <action android:name="androidx.work.diagnostics.REQUEST_DIAGNOSTICS" />
161-->[androidx.work:work-runtime:2.9.1] AndroidManifest.xml:140:17-88
161-->[androidx.work:work-runtime:2.9.1] AndroidManifest.xml:140:25-85
162            </intent-filter>
163        </receiver>
164
165        <activity
165-->[androidx.compose.ui:ui-test-manifest:1.7.3] AndroidManifest.xml:23:9-25:39
166            android:name="androidx.activity.ComponentActivity"
166-->[androidx.compose.ui:ui-test-manifest:1.7.3] AndroidManifest.xml:24:13-63
167            android:exported="true" />
167-->[androidx.compose.ui:ui-test-manifest:1.7.3] AndroidManifest.xml:25:13-36
168        <activity
168-->[androidx.compose.ui:ui-tooling-android:1.7.3] AndroidManifest.xml:23:9-25:39
169            android:name="androidx.compose.ui.tooling.PreviewActivity"
169-->[androidx.compose.ui:ui-tooling-android:1.7.3] AndroidManifest.xml:24:13-71
170            android:exported="true" />
170-->[androidx.compose.ui:ui-tooling-android:1.7.3] AndroidManifest.xml:25:13-36
171
172        <service
172-->[androidx.room:room-runtime:2.6.1] AndroidManifest.xml:24:9-28:63
173            android:name="androidx.room.MultiInstanceInvalidationService"
173-->[androidx.room:room-runtime:2.6.1] AndroidManifest.xml:25:13-74
174            android:directBootAware="true"
174-->[androidx.room:room-runtime:2.6.1] AndroidManifest.xml:26:13-43
175            android:exported="false" />
175-->[androidx.room:room-runtime:2.6.1] AndroidManifest.xml:27:13-37
176
177        <receiver
177-->[androidx.profileinstaller:profileinstaller:1.3.1] AndroidManifest.xml:34:9-52:20
178            android:name="androidx.profileinstaller.ProfileInstallReceiver"
178-->[androidx.profileinstaller:profileinstaller:1.3.1] AndroidManifest.xml:35:13-76
179            android:directBootAware="false"
179-->[androidx.profileinstaller:profileinstaller:1.3.1] AndroidManifest.xml:36:13-44
180            android:enabled="true"
180-->[androidx.profileinstaller:profileinstaller:1.3.1] AndroidManifest.xml:37:13-35
181            android:exported="true"
181-->[androidx.profileinstaller:profileinstaller:1.3.1] AndroidManifest.xml:38:13-36
182            android:permission="android.permission.DUMP" >
182-->[androidx.profileinstaller:profileinstaller:1.3.1] AndroidManifest.xml:39:13-57
183            <intent-filter>
183-->[androidx.profileinstaller:profileinstaller:1.3.1] AndroidManifest.xml:40:13-42:29
184                <action android:name="androidx.profileinstaller.action.INSTALL_PROFILE" />
184-->[androidx.profileinstaller:profileinstaller:1.3.1] AndroidManifest.xml:41:17-91
184-->[androidx.profileinstaller:profileinstaller:1.3.1] AndroidManifest.xml:41:25-88
185            </intent-filter>
186            <intent-filter>
186-->[androidx.profileinstaller:profileinstaller:1.3.1] AndroidManifest.xml:43:13-45:29
187                <action android:name="androidx.profileinstaller.action.SKIP_FILE" />
187-->[androidx.profileinstaller:profileinstaller:1.3.1] AndroidManifest.xml:44:17-85
187-->[androidx.profileinstaller:profileinstaller:1.3.1] AndroidManifest.xml:44:25-82
188            </intent-filter>
189            <intent-filter>
189-->[androidx.profileinstaller:profileinstaller:1.3.1] AndroidManifest.xml:46:13-48:29
190                <action android:name="androidx.profileinstaller.action.SAVE_PROFILE" />
190-->[androidx.profileinstaller:profileinstaller:1.3.1] AndroidManifest.xml:47:17-88
190-->[androidx.profileinstaller:profileinstaller:1.3.1] AndroidManifest.xml:47:25-85
191            </intent-filter>
192            <intent-filter>
192-->[androidx.profileinstaller:profileinstaller:1.3.1] AndroidManifest.xml:49:13-51:29
193                <action android:name="androidx.profileinstaller.action.BENCHMARK_OPERATION" />
193-->[androidx.profileinstaller:profileinstaller:1.3.1] AndroidManifest.xml:50:17-95
193-->[androidx.profileinstaller:profileinstaller:1.3.1] AndroidManifest.xml:50:25-92
194            </intent-filter>
195        </receiver>
196    </application>
197
198</manifest>